{"name": "test_successful_auth_and_token_usage", "status": "failed", "statusDetails": {"message": "AssertionError: Не удалось получить доступ с токеном\nassert 404 == 200\n +  where 404 = <Response [404]>.status_code", "trace": "tests/api/test_login_simple.py:35: in test_successful_auth_and_token_usage\n    assert response.status_code == 200, \"Не удалось получить доступ с токеном\"\nE   AssertionError: Не удалось получить доступ с токеном\nE   assert 404 == 200\nE    +  where 404 = <Response [404]>.status_code"}, "attachments": [{"name": "stdout", "source": "3177e563-67d2-4a6c-af67-6c32fc843434-attachment.txt", "type": "text/plain"}], "start": 1745167483728, "stop": 1745167484748, "uuid": "abb8b4f7-01be-43ba-818d-1178f5572e6a", "historyId": "a515a3d8939ceb7d51fa04811ef5a4ba", "testCaseId": "a515a3d8939ceb7d51fa04811ef5a4ba", "fullName": "tests.api.test_login_simple#test_successful_auth_and_token_usage", "labels": [{"name": "parentSuite", "value": "tests.api"}, {"name": "suite", "value": "test_login_simple"}, {"name": "host", "value": "MacBook-Pro-macbook.local"}, {"name": "thread", "value": "11229-MainThread"}, {"name": "framework", "value": "pytest"}, {"name": "language", "value": "cpython3"}, {"name": "package", "value": "tests.api.test_login_simple"}]}